[debug] [2026-05-28T21:42:19.587Z] ----------------------------------------------------------------------
[debug] [2026-05-28T21:42:19.588Z] Command:       /Users/tianhaozhou/.nvm/versions/node/v24.11.1/bin/node /Users/tianhaozhou/github/layerforge/node_modules/firebase-tools/lib/bin/firebase.js emulators:start --only functions
[debug] [2026-05-28T21:42:19.588Z] CLI Version:   15.19.0
[debug] [2026-05-28T21:42:19.589Z] Platform:      darwin
[debug] [2026-05-28T21:42:19.589Z] Node Version:  v24.11.1
[debug] [2026-05-28T21:42:19.589Z] Time:          Thu May 28 2026 14:42:19 GMT-0700 (Pacific Daylight Time)
[debug] [2026-05-28T21:42:19.589Z] ----------------------------------------------------------------------
[debug] 
[debug] [2026-05-28T21:42:19.589Z] >>> [apiv2][query] GET https://firebase-public.firebaseio.com/cli.json [none]
[info] i  emulators: Starting emulators: functions {"metadata":{"emulator":{"name":"hub"},"message":"Starting emulators: functions"}}
[info] i  emulators: Detected demo project ID "demo-layerforge", emulated services will use a demo configuration and attempts to access non-emulated services for this project will fail. {"metadata":{"emulator":{"name":"hub"},"message":"Detected demo project ID \"demo-layerforge\", emulated services will use a demo configuration and attempts to access non-emulated services for this project will fail."}}
[debug] [2026-05-28T21:42:20.411Z] [logging] Logging Emulator only supports listening on one address (127.0.0.1). Not listening on ::1
[debug] [2026-05-28T21:42:20.412Z] assigned listening specs for emulators {"user":{"hub":[{"address":"127.0.0.1","family":"IPv4","port":4400},{"address":"::1","family":"IPv6","port":4400}],"ui":[{"address":"127.0.0.1","family":"IPv4","port":4000},{"address":"::1","family":"IPv6","port":4000}],"logging":[{"address":"127.0.0.1","family":"IPv4","port":4500}]},"metadata":{"message":"assigned listening specs for emulators"}}
[debug] [2026-05-28T21:42:20.414Z] Write emulator hub locator at /var/folders/tp/m0vbc5ds56s1p6pmf0gc82rm0000gn/T/hub-demo-layerforge.json
[debug] [2026-05-28T21:42:20.626Z] [functions] Functions Emulator only supports listening on one address (127.0.0.1). Not listening on ::1
[debug] [2026-05-28T21:42:20.626Z] [eventarc] Eventarc Emulator only supports listening on one address (127.0.0.1). Not listening on ::1
[debug] [2026-05-28T21:42:20.626Z] [tasks] Cloud Tasks Emulator only supports listening on one address (127.0.0.1). Not listening on ::1
[debug] [2026-05-28T21:42:20.626Z] late-assigned ports for functions and eventarc emulators {"user":{"hub":[{"address":"127.0.0.1","family":"IPv4","port":4400},{"address":"::1","family":"IPv6","port":4400}],"ui":[{"address":"127.0.0.1","family":"IPv4","port":4000},{"address":"::1","family":"IPv6","port":4000}],"logging":[{"address":"127.0.0.1","family":"IPv4","port":4500}],"functions":[{"address":"127.0.0.1","family":"IPv4","port":5001}],"eventarc":[{"address":"127.0.0.1","family":"IPv4","port":9299}],"tasks":[{"address":"127.0.0.1","family":"IPv4","port":9499}]},"metadata":{"message":"late-assigned ports for functions and eventarc emulators"}}
[debug] [2026-05-28T21:42:21.528Z] <<< [apiv2][status] GET https://firebase-public.firebaseio.com/cli.json 200
[debug] [2026-05-28T21:42:21.528Z] <<< [apiv2][body] GET https://firebase-public.firebaseio.com/cli.json {"cloudBuildErrorAfter":1594252800000,"cloudBuildWarnAfter":1590019200000,"defaultNode10After":1594252800000,"minVersion":"3.0.5","node8DeploysDisabledAfter":1613390400000,"node8RuntimeDisabledAfter":1615809600000,"node8WarnAfter":1600128000000}
[debug] [2026-05-28T21:42:22.986Z] defaultcredentials: writing to file /Users/tianhaozhou/.config/firebase/jacksonzhou666_gmail_com_application_default_credentials.json
[debug] [2026-05-28T21:42:22.988Z] Setting GAC to /Users/tianhaozhou/.config/firebase/jacksonzhou666_gmail_com_application_default_credentials.json {"metadata":{"emulator":{"name":"functions"},"message":"Setting GAC to /Users/tianhaozhou/.config/firebase/jacksonzhou666_gmail_com_application_default_credentials.json"}}
[info] i  functions: Watching "/Users/tianhaozhou/github/layerforge/services/functions" for Cloud Functions... {"metadata":{"emulator":{"name":"functions"},"message":"Watching \"/Users/tianhaozhou/github/layerforge/services/functions\" for Cloud Functions..."}}
[error] ⬢  functions: Failed to load function definition from source: FirebaseError: Detected node engine >=20.0.0 in package.json, which is not a supported version. Valid versions are 20, 22, 24 {"metadata":{"emulator":{"name":"functions"},"message":"Failed to load function definition from source: FirebaseError: Detected node engine >=20.0.0 in package.json, which is not a supported version. Valid versions are 20, 22, 24"}}
[debug] [2026-05-28T21:42:23.042Z] Could not find VSCode notification endpoint: FetchError: request to http://localhost:40001/vscode/notify failed, reason: . If you are not running the Firebase SQL Connect VSCode extension, this is expected and not an issue.
[info] 
┌─────────────────────────────────────────────────────────────┐
│ ✔  All emulators ready! It is now safe to connect your app. │
│ i  View Emulator UI at http://127.0.0.1:4000/               │
└─────────────────────────────────────────────────────────────┘

┌───────────┬────────────────┬─────────────────────────────────┐
│ Emulator  │ Host:Port      │ View in Emulator UI             │
├───────────┼────────────────┼─────────────────────────────────┤
│ Functions │ 127.0.0.1:5001 │ http://127.0.0.1:4000/functions │
└───────────┴────────────────┴─────────────────────────────────┘
  Emulator Hub host: 127.0.0.1 port: 4400
  Other reserved ports: 4500

Issues? Report them at https://github.com/firebase/firebase-tools/issues and attach the *-debug.log files.
 
[debug] [2026-05-28T21:42:28.352Z] [work-queue] {"queuedWork":["/demo-layerforge/us-central1/runCode-2026-05-28T21:42:28.352Z"],"queueLength":1,"runningWork":[],"workRunningCount":0}
[debug] [2026-05-28T21:42:28.352Z] [work-queue] {"queuedWork":[],"queueLength":0,"runningWork":["/demo-layerforge/us-central1/runCode-2026-05-28T21:42:28.352Z"],"workRunningCount":1}
[debug] [2026-05-28T21:42:28.354Z] [work-queue] {"queuedWork":[],"queueLength":0,"runningWork":[],"workRunningCount":0}
[debug] [2026-05-28T21:42:46.714Z] File /Users/tianhaozhou/github/layerforge/services/functions/package.json changed, reloading triggers {"metadata":{"emulator":{"name":"functions"},"message":"File /Users/tianhaozhou/github/layerforge/services/functions/package.json changed, reloading triggers"}}
[debug] [2026-05-28T21:42:47.718Z] Validating nodejs source
[warn] ⚠  functions: package.json indicates an outdated version of firebase-functions. Please upgrade using npm install --save firebase-functions@latest in your functions directory. 
[warn] ⚠  functions: Please note that there will be breaking changes when you upgrade. 
[debug] [2026-05-28T21:42:49.730Z] > [functions] package.json contents: {
  "name": "@layerforge/functions",
  "version": "0.1.0",
  "private": true,
  "main": "lib/index.js",
  "scripts": {
    "build": "tsc",
    "build:watch": "tsc --watch",
    "serve": "npm run build && firebase emulators:start --only functions",
    "shell": "npm run build && firebase functions:shell",
    "start": "npm run shell",
    "deploy": "firebase deploy --only functions"
  },
  "engines": {
    "node": "20"
  },
  "dependencies": {
    "firebase-admin": "^12.0.0",
    "firebase-functions": "^6.0.0"
  },
  "devDependencies": {
    "firebase-functions-test": "^3.1.0",
    "typescript": "^5.4.5"
  }
}
[debug] [2026-05-28T21:42:49.730Z] Building nodejs source
[debug] [2026-05-28T21:42:49.731Z] Failed to find version of module node: reached end of search path /Users/tianhaozhou/github/layerforge/services/functions/node_modules
[warn] ⚠  functions: Your requested "node" version "20" doesn't match your global version "24". Using node@24 from host. 
[debug] [2026-05-28T21:42:49.731Z] Could not find functions.yaml. Must use http discovery
[debug] [2026-05-28T21:42:49.736Z] Found firebase-functions binary at '/Users/tianhaozhou/github/layerforge/services/functions/node_modules/.bin/firebase-functions'
[debug] [2026-05-28T21:42:49.740Z] [work-queue] {"queuedWork":["/demo-layerforge/us-central1/runCode-2026-05-28T21:42:49.740Z"],"queueLength":1,"runningWork":[],"workRunningCount":0}
[debug] [2026-05-28T21:42:49.740Z] [work-queue] {"queuedWork":[],"queueLength":0,"runningWork":["/demo-layerforge/us-central1/runCode-2026-05-28T21:42:49.740Z"],"workRunningCount":1}
[debug] [2026-05-28T21:42:49.740Z] [work-queue] {"queuedWork":[],"queueLength":0,"runningWork":[],"workRunningCount":0}
[info] Serving at port 8323

[debug] [2026-05-28T21:42:50.297Z] Got response from /__/functions.yaml {"endpoints":{"runCode":{"availableMemoryMb":null,"timeoutSeconds":null,"minInstances":null,"maxInstances":null,"ingressSettings":null,"concurrency":null,"serviceAccountEmail":null,"vpc":null,"platform":"gcfv2","labels":{},"callableTrigger":{},"entryPoint":"runCode"}},"specVersion":"v1alpha1","requiredAPIs":[],"extensions":{}}
[debug] [2026-05-28T21:42:56.719Z] ----------------------------------------------------------------------
[debug] [2026-05-28T21:42:56.721Z] Command:       /Users/tianhaozhou/.nvm/versions/node/v24.11.1/bin/node /Users/tianhaozhou/github/layerforge/node_modules/firebase-tools/lib/bin/firebase.js emulators:start --only functions
[debug] [2026-05-28T21:42:56.721Z] CLI Version:   15.19.0
[debug] [2026-05-28T21:42:56.721Z] Platform:      darwin
[debug] [2026-05-28T21:42:56.721Z] Node Version:  v24.11.1
[debug] [2026-05-28T21:42:56.721Z] Time:          Thu May 28 2026 14:42:56 GMT-0700 (Pacific Daylight Time)
[debug] [2026-05-28T21:42:56.721Z] ----------------------------------------------------------------------
[debug] 
[info] i  emulators: Starting emulators: functions {"metadata":{"emulator":{"name":"hub"},"message":"Starting emulators: functions"}}
[info] i  emulators: Detected demo project ID "demo-layerforge", emulated services will use a demo configuration and attempts to access non-emulated services for this project will fail. {"metadata":{"emulator":{"name":"hub"},"message":"Detected demo project ID \"demo-layerforge\", emulated services will use a demo configuration and attempts to access non-emulated services for this project will fail."}}
[debug] [2026-05-28T21:42:57.445Z] [logging] Logging Emulator only supports listening on one address (127.0.0.1). Not listening on ::1
[debug] [2026-05-28T21:42:57.445Z] assigned listening specs for emulators {"user":{"hub":[{"address":"127.0.0.1","family":"IPv4","port":4400},{"address":"::1","family":"IPv6","port":4400}],"ui":[{"address":"127.0.0.1","family":"IPv4","port":4000},{"address":"::1","family":"IPv6","port":4000}],"logging":[{"address":"127.0.0.1","family":"IPv4","port":4500}]},"metadata":{"message":"assigned listening specs for emulators"}}
[debug] [2026-05-28T21:42:57.448Z] Found emulator hub locator: {"version":"15.19.0","origins":["http://127.0.0.1:4400","http://[::1]:4400"],"pid":7140}
[debug] [2026-05-28T21:42:57.448Z] Write emulator hub locator at /var/folders/tp/m0vbc5ds56s1p6pmf0gc82rm0000gn/T/hub-demo-layerforge.json
[debug] [2026-05-28T21:42:57.658Z] [functions] Functions Emulator only supports listening on one address (127.0.0.1). Not listening on ::1
[debug] [2026-05-28T21:42:57.658Z] [eventarc] Eventarc Emulator only supports listening on one address (127.0.0.1). Not listening on ::1
[debug] [2026-05-28T21:42:57.658Z] [tasks] Cloud Tasks Emulator only supports listening on one address (127.0.0.1). Not listening on ::1
[debug] [2026-05-28T21:42:57.658Z] late-assigned ports for functions and eventarc emulators {"user":{"hub":[{"address":"127.0.0.1","family":"IPv4","port":4400},{"address":"::1","family":"IPv6","port":4400}],"ui":[{"address":"127.0.0.1","family":"IPv4","port":4000},{"address":"::1","family":"IPv6","port":4000}],"logging":[{"address":"127.0.0.1","family":"IPv4","port":4500}],"functions":[{"address":"127.0.0.1","family":"IPv4","port":5001}],"eventarc":[{"address":"127.0.0.1","family":"IPv4","port":9299}],"tasks":[{"address":"127.0.0.1","family":"IPv4","port":9499}]},"metadata":{"message":"late-assigned ports for functions and eventarc emulators"}}
[debug] [2026-05-28T21:42:57.665Z] defaultcredentials: writing to file /Users/tianhaozhou/.config/firebase/jacksonzhou666_gmail_com_application_default_credentials.json
[debug] [2026-05-28T21:42:57.665Z] Setting GAC to /Users/tianhaozhou/.config/firebase/jacksonzhou666_gmail_com_application_default_credentials.json {"metadata":{"emulator":{"name":"functions"},"message":"Setting GAC to /Users/tianhaozhou/.config/firebase/jacksonzhou666_gmail_com_application_default_credentials.json"}}
[info] i  functions: Watching "/Users/tianhaozhou/github/layerforge/services/functions" for Cloud Functions... {"metadata":{"emulator":{"name":"functions"},"message":"Watching \"/Users/tianhaozhou/github/layerforge/services/functions\" for Cloud Functions..."}}
[debug] [2026-05-28T21:42:57.678Z] Validating nodejs source
[warn] ⚠  functions: package.json indicates an outdated version of firebase-functions. Please upgrade using npm install --save firebase-functions@latest in your functions directory. 
[warn] ⚠  functions: Please note that there will be breaking changes when you upgrade. 
[debug] [2026-05-28T21:42:58.604Z] > [functions] package.json contents: {
  "name": "@layerforge/functions",
  "version": "0.1.0",
  "private": true,
  "main": "lib/index.js",
  "scripts": {
    "build": "tsc",
    "build:watch": "tsc --watch",
    "serve": "npm run build && firebase emulators:start --only functions",
    "shell": "npm run build && firebase functions:shell",
    "start": "npm run shell",
    "deploy": "firebase deploy --only functions"
  },
  "engines": {
    "node": "20"
  },
  "dependencies": {
    "firebase-admin": "^12.0.0",
    "firebase-functions": "^6.0.0"
  },
  "devDependencies": {
    "firebase-functions-test": "^3.1.0",
    "typescript": "^5.4.5"
  }
}
[debug] [2026-05-28T21:42:58.604Z] Building nodejs source
[debug] [2026-05-28T21:42:58.604Z] Failed to find version of module node: reached end of search path /Users/tianhaozhou/github/layerforge/services/functions/node_modules
[warn] ⚠  functions: Your requested "node" version "20" doesn't match your global version "24". Using node@24 from host. 
[debug] [2026-05-28T21:42:58.615Z] Could not find functions.yaml. Must use http discovery
[debug] [2026-05-28T21:42:58.620Z] Found firebase-functions binary at '/Users/tianhaozhou/github/layerforge/services/functions/node_modules/.bin/firebase-functions'
[info] Serving at port 8738

[debug] [2026-05-28T21:42:58.796Z] Got response from /__/functions.yaml {"endpoints":{"runCode":{"availableMemoryMb":null,"timeoutSeconds":null,"minInstances":null,"maxInstances":null,"ingressSettings":null,"concurrency":null,"serviceAccountEmail":null,"vpc":null,"platform":"gcfv2","labels":{},"callableTrigger":{},"entryPoint":"runCode"}},"specVersion":"v1alpha1","requiredAPIs":[],"extensions":{}}
[info] ✔  functions: Loaded functions definitions from source: runCode. {"metadata":{"emulator":{"name":"functions"},"message":"Loaded functions definitions from source: runCode."}}
[info] ✔  functions[us-central1-runCode]: http function initialized (http://127.0.0.1:5001/demo-layerforge/us-central1/runCode). {"metadata":{"emulator":{"name":"functions"},"message":"http function initialized (http://127.0.0.1:5001/demo-layerforge/us-central1/runCode)."}}
[debug] [2026-05-28T21:43:02.827Z] Could not find VSCode notification endpoint: FetchError: request to http://localhost:40001/vscode/notify failed, reason: . If you are not running the Firebase SQL Connect VSCode extension, this is expected and not an issue.
[info] 
┌─────────────────────────────────────────────────────────────┐
│ ✔  All emulators ready! It is now safe to connect your app. │
│ i  View Emulator UI at http://127.0.0.1:4000/               │
└─────────────────────────────────────────────────────────────┘

┌───────────┬────────────────┬─────────────────────────────────┐
│ Emulator  │ Host:Port      │ View in Emulator UI             │
├───────────┼────────────────┼─────────────────────────────────┤
│ Functions │ 127.0.0.1:5001 │ http://127.0.0.1:4000/functions │
└───────────┴────────────────┴─────────────────────────────────┘
  Emulator Hub host: 127.0.0.1 port: 4400
  Other reserved ports: 4500

Issues? Report them at https://github.com/firebase/firebase-tools/issues and attach the *-debug.log files.
 
[debug] [2026-05-28T21:43:14.572Z] [work-queue] {"queuedWork":["/demo-layerforge/us-central1/runCode-2026-05-28T21:43:14.572Z"],"queueLength":1,"runningWork":[],"workRunningCount":0}
[debug] [2026-05-28T21:43:14.572Z] [work-queue] {"queuedWork":[],"queueLength":0,"runningWork":["/demo-layerforge/us-central1/runCode-2026-05-28T21:43:14.572Z"],"workRunningCount":1}
[debug] [2026-05-28T21:43:14.572Z] Accepted request POST /demo-layerforge/us-central1/runCode --> us-central1-runCode
[debug] [2026-05-28T21:43:14.573Z] [functions] Runtime ready! Sending request! {"metadata":{"emulator":{"name":"functions"},"message":"[functions] Runtime ready! Sending request!"}}
[debug] [2026-05-28T21:43:14.573Z] [functions] Got req.url=/demo-layerforge/us-central1/runCode, mapping to path=/ {"metadata":{"emulator":{"name":"functions"},"message":"[functions] Got req.url=/demo-layerforge/us-central1/runCode, mapping to path=/"}}
[debug] [2026-05-28T21:43:14.576Z] [worker-pool] addWorker(us-central1-runCode) {"metadata":{"emulator":{"name":"functions"},"message":"[worker-pool] addWorker(us-central1-runCode)"}}
[debug] [2026-05-28T21:43:14.576Z] [worker-pool] Adding worker with key us-central1-runCode, total=1 {"metadata":{"emulator":{"name":"functions"},"message":"[worker-pool] Adding worker with key us-central1-runCode, total=1"}}
[debug] [2026-05-28T21:43:14.916Z] [runtime-status] [7303] Resolved module firebase-admin {"declared":true,"installed":true,"version":"12.7.0","resolution":"/Users/tianhaozhou/github/layerforge/node_modules/.pnpm/firebase-admin@12.7.0/node_modules/firebase-admin/lib/index.js"} {"metadata":{"emulator":{"name":"functions"},"function":{"name":"us-central1-runCode"},"extension":{},"message":"[runtime-status] [7303] Resolved module firebase-admin {\"declared\":true,\"installed\":true,\"version\":\"12.7.0\",\"resolution\":\"/Users/tianhaozhou/github/layerforge/node_modules/.pnpm/firebase-admin@12.7.0/node_modules/firebase-admin/lib/index.js\"}"}}
[debug] [2026-05-28T21:43:14.916Z] [runtime-status] [7303] Resolved module firebase-functions {"declared":true,"installed":true,"version":"6.6.0","resolution":"/Users/tianhaozhou/github/layerforge/node_modules/.pnpm/firebase-functions@6.6.0_firebase-admin@12.7.0/node_modules/firebase-functions/lib/v2/index.js"} {"metadata":{"emulator":{"name":"functions"},"function":{"name":"us-central1-runCode"},"extension":{},"message":"[runtime-status] [7303] Resolved module firebase-functions {\"declared\":true,\"installed\":true,\"version\":\"6.6.0\",\"resolution\":\"/Users/tianhaozhou/github/layerforge/node_modules/.pnpm/firebase-functions@6.6.0_firebase-admin@12.7.0/node_modules/firebase-functions/lib/v2/index.js\"}"}}
[debug] [2026-05-28T21:43:14.916Z] [runtime-status] [7303] Outgoing network have been stubbed. [{"name":"http","status":"mocked"},{"name":"http","status":"mocked"},{"name":"https","status":"mocked"},{"name":"https","status":"mocked"},{"name":"net","status":"mocked"}] {"metadata":{"emulator":{"name":"functions"},"function":{"name":"us-central1-runCode"},"extension":{},"message":"[runtime-status] [7303] Outgoing network have been stubbed. [{\"name\":\"http\",\"status\":\"mocked\"},{\"name\":\"http\",\"status\":\"mocked\"},{\"name\":\"https\",\"status\":\"mocked\"},{\"name\":\"https\",\"status\":\"mocked\"},{\"name\":\"net\",\"status\":\"mocked\"}]"}}
[debug] [2026-05-28T21:43:14.916Z] [runtime-status] [7303] Resolved module firebase-functions {"declared":true,"installed":true,"version":"6.6.0","resolution":"/Users/tianhaozhou/github/layerforge/node_modules/.pnpm/firebase-functions@6.6.0_firebase-admin@12.7.0/node_modules/firebase-functions/lib/v2/index.js"} {"metadata":{"emulator":{"name":"functions"},"function":{"name":"us-central1-runCode"},"extension":{},"message":"[runtime-status] [7303] Resolved module firebase-functions {\"declared\":true,\"installed\":true,\"version\":\"6.6.0\",\"resolution\":\"/Users/tianhaozhou/github/layerforge/node_modules/.pnpm/firebase-functions@6.6.0_firebase-admin@12.7.0/node_modules/firebase-functions/lib/v2/index.js\"}"}}
[debug] [2026-05-28T21:43:14.943Z] [runtime-status] [7303] Resolved module firebase-admin {"declared":true,"installed":true,"version":"12.7.0","resolution":"/Users/tianhaozhou/github/layerforge/node_modules/.pnpm/firebase-admin@12.7.0/node_modules/firebase-admin/lib/index.js"} {"metadata":{"emulator":{"name":"functions"},"function":{"name":"us-central1-runCode"},"extension":{},"message":"[runtime-status] [7303] Resolved module firebase-admin {\"declared\":true,\"installed\":true,\"version\":\"12.7.0\",\"resolution\":\"/Users/tianhaozhou/github/layerforge/node_modules/.pnpm/firebase-admin@12.7.0/node_modules/firebase-admin/lib/index.js\"}"}}
[debug] [2026-05-28T21:43:14.944Z] [runtime-status] [7303] Resolved module firebase-functions {"declared":true,"installed":true,"version":"6.6.0","resolution":"/Users/tianhaozhou/github/layerforge/node_modules/.pnpm/firebase-functions@6.6.0_firebase-admin@12.7.0/node_modules/firebase-functions/lib/v2/index.js"} {"metadata":{"emulator":{"name":"functions"},"function":{"name":"us-central1-runCode"},"extension":{},"message":"[runtime-status] [7303] Resolved module firebase-functions {\"declared\":true,\"installed\":true,\"version\":\"6.6.0\",\"resolution\":\"/Users/tianhaozhou/github/layerforge/node_modules/.pnpm/firebase-functions@6.6.0_firebase-admin@12.7.0/node_modules/firebase-functions/lib/v2/index.js\"}"}}
[debug] [2026-05-28T21:43:14.990Z] [runtime-status] [7303] firebase-admin has been stubbed. {"adminResolution":{"declared":true,"installed":true,"version":"12.7.0","resolution":"/Users/tianhaozhou/github/layerforge/node_modules/.pnpm/firebase-admin@12.7.0/node_modules/firebase-admin/lib/index.js"}} {"metadata":{"emulator":{"name":"functions"},"function":{"name":"us-central1-runCode"},"extension":{},"message":"[runtime-status] [7303] firebase-admin has been stubbed. {\"adminResolution\":{\"declared\":true,\"installed\":true,\"version\":\"12.7.0\",\"resolution\":\"/Users/tianhaozhou/github/layerforge/node_modules/.pnpm/firebase-admin@12.7.0/node_modules/firebase-admin/lib/index.js\"}}"}}
[debug] [2026-05-28T21:43:14.991Z] [runtime-status] [7303] initializeApp(DEFAULT) {"storageBucket":"demo-layerforge.appspot.com","databaseURL":"https://demo-layerforge.firebaseio.com","projectId":"demo-layerforge"} {"metadata":{"emulator":{"name":"functions"},"function":{"name":"us-central1-runCode"},"extension":{},"message":"[runtime-status] [7303] initializeApp(DEFAULT) {\"storageBucket\":\"demo-layerforge.appspot.com\",\"databaseURL\":\"https://demo-layerforge.firebaseio.com\",\"projectId\":\"demo-layerforge\"}"}}
[debug] [2026-05-28T21:43:14.993Z] [runtime-status] [7303] Functions runtime initialized. {"cwd":"/Users/tianhaozhou/github/layerforge/services/functions","node_version":"24.11.1"} {"metadata":{"emulator":{"name":"functions"},"function":{"name":"us-central1-runCode"},"extension":{},"message":"[runtime-status] [7303] Functions runtime initialized. {\"cwd\":\"/Users/tianhaozhou/github/layerforge/services/functions\",\"node_version\":\"24.11.1\"}"}}
[debug] [2026-05-28T21:43:14.993Z] [runtime-status] [7303] Listening to port: /var/folders/tp/m0vbc5ds56s1p6pmf0gc82rm0000gn/T/fire_emu_58251a6fe562b148.sock {"metadata":{"emulator":{"name":"functions"},"function":{"name":"us-central1-runCode"},"extension":{},"message":"[runtime-status] [7303] Listening to port: /var/folders/tp/m0vbc5ds56s1p6pmf0gc82rm0000gn/T/fire_emu_58251a6fe562b148.sock"}}
[debug] [2026-05-28T21:43:15.088Z] [worker-us-central1-runCode-007399a0-4fc3-4d85-896d-00b22f041dad]: IDLE {"metadata":{"emulator":{"name":"functions"},"function":{"name":"us-central1-runCode"},"extension":{},"message":"[worker-us-central1-runCode-007399a0-4fc3-4d85-896d-00b22f041dad]: IDLE"}}
[debug] [2026-05-28T21:43:15.088Z] [worker-pool] submitRequest(triggerId=us-central1-runCode) {"metadata":{"emulator":{"name":"functions"},"message":"[worker-pool] submitRequest(triggerId=us-central1-runCode)"}}
[info] i  functions: Beginning execution of "us-central1-runCode" {"metadata":{"emulator":{"name":"functions"},"function":{"name":"us-central1-runCode"},"extension":{},"message":"Beginning execution of \"us-central1-runCode\""}}
[debug] [2026-05-28T21:43:15.088Z] [worker-us-central1-runCode-007399a0-4fc3-4d85-896d-00b22f041dad]: BUSY {"metadata":{"emulator":{"name":"functions"},"function":{"name":"us-central1-runCode"},"extension":{},"message":"[worker-us-central1-runCode-007399a0-4fc3-4d85-896d-00b22f041dad]: BUSY"}}
[info] >  {"verifications":{"app":"MISSING","auth":"MISSING"},"logging.googleapis.com/labels":{"firebase-log-type":"callable-request-verification"},"severity":"DEBUG","message":"Callable request verification passed"} {"user":{"verifications":{"app":"MISSING","auth":"MISSING"},"logging.googleapis.com/labels":{"firebase-log-type":"callable-request-verification"},"severity":"DEBUG","message":"Callable request verification passed"},"metadata":{"emulator":{"name":"functions"},"function":{"name":"us-central1-runCode"},"extension":{},"message":">  {\"verifications\":{\"app\":\"MISSING\",\"auth\":\"MISSING\"},\"logging.googleapis.com/labels\":{\"firebase-log-type\":\"callable-request-verification\"},\"severity\":\"DEBUG\",\"message\":\"Callable request verification passed\"}"}}
[debug] [2026-05-28T21:43:15.097Z] Finishing up request with event=pause {"metadata":{"emulator":{"name":"functions"},"function":{"name":"us-central1-runCode"},"extension":{},"message":"Finishing up request with event=pause"}}
[info] i  functions: Finished "us-central1-runCode" in 9.297667ms {"metadata":{"emulator":{"name":"functions"},"function":{"name":"us-central1-runCode"},"extension":{},"message":"Finished \"us-central1-runCode\" in 9.297667ms"}}
[debug] [2026-05-28T21:43:15.097Z] [worker-us-central1-runCode-007399a0-4fc3-4d85-896d-00b22f041dad]: IDLE {"metadata":{"emulator":{"name":"functions"},"function":{"name":"us-central1-runCode"},"extension":{},"message":"[worker-us-central1-runCode-007399a0-4fc3-4d85-896d-00b22f041dad]: IDLE"}}
[debug] [2026-05-28T21:43:15.098Z] Finishing up request with event=finish {"metadata":{"emulator":{"name":"functions"},"function":{"name":"us-central1-runCode"},"extension":{},"message":"Finishing up request with event=finish"}}
[debug] [2026-05-28T21:43:15.098Z] Finishing up request with event=close {"metadata":{"emulator":{"name":"functions"},"function":{"name":"us-central1-runCode"},"extension":{},"message":"Finishing up request with event=close"}}
[debug] [2026-05-28T21:43:15.098Z] [work-queue] {"queuedWork":[],"queueLength":0,"runningWork":[],"workRunningCount":0}
